============================= test session starts ==============================
platform linux -- Python 3.11.8, pytest-7.4.4
collected 2 items

tests/test_math.py .F                                                        [100%]

=================================== FAILURES ===================================
________________________________ test_addition ________________________________

    def test_addition():
>       assert 1 + 1 == 3
E       assert 2 == 3

FAILED tests/test_math.py::test_addition - assert 2 == 3

