-------------------------------------------------------
 T E S T S
-------------------------------------------------------
Running com.example.AppTest
Tests run: 1, Failures: 1, Errors: 0, Skipped: 0, Time elapsed: 0.012 s <<< FAILURE!
FAILURE: testAddition(com.example.AppTest)
java.lang.AssertionError: expected:<3> but was:<2>
    at org.junit.Assert.fail(Assert.java:88)
    at org.junit.Assert.assertEquals(Assert.java:115)
    at com.example.AppTest.testAddition(AppTest.java:14)

